<?xml version="1.0" encoding="UTF-8"?>
<!-- Generated by org.testng.reporters.JUnitReportReporter -->
<testsuite hostname="DESKTOP-JCJ8HOK" failures="0" tests="6" name="testcases.Bookings" time="0.049" errors="0" timestamp="19 May 2022 03:35:06 GMT" skipped="0">
  <testcase classname="testcases.Bookings" name="searchHotel" time="0.004"/>
  <testcase classname="testcases.Bookings" name="guestInfo" time="0.002"/>
  <testcase classname="testcases.Bookings" name="searchHotel" time="0.024"/>
  <testcase classname="testcases.Bookings" name="guestInfo" time="0.003"/>
  <testcase classname="testcases.Bookings" name="typeOfRoom" time="0.006"/>
  <testcase classname="testcases.Bookings" name="typeOfRoom" time="0.010"/>
</testsuite> <!-- testcases.Bookings -->
