<?xml version="1.0" encoding="UTF-8"?>
<!-- Generated by org.testng.reporters.JUnitReportReporter -->
<testsuite hostname="DESKTOP-JCJ8HOK" failures="0" tests="4" name="testcases.CustomerCommunication" time="0.023" errors="0" timestamp="19 May 2022 03:35:06 GMT" skipped="0">
  <testcase classname="testcases.CustomerCommunication" name="checkEmailVerification" time="0.001"/>
  <testcase classname="testcases.CustomerCommunication" name="checkMobileVerification" time="0.004"/>
  <testcase classname="testcases.CustomerCommunication" name="checkEmailVerification" time="0.003"/>
  <testcase classname="testcases.CustomerCommunication" name="checkMobileVerification" time="0.015"/>
</testsuite> <!-- testcases.CustomerCommunication -->
