<?xml version="1.0" encoding="UTF-8"?>
<!-- Generated by org.testng.reporters.JUnitReportReporter -->
<testsuite hostname="shekar-PC" failures="0" tests="1" name="suiteG.TestG2" time="2.006" errors="0" timestamp="28 Jun 2022 08:22:07 GMT" skipped="0">
  <testcase classname="suiteG.TestG2" name="f" time="2.006"/>
</testsuite> <!-- suiteG.TestG2 -->
