<?xml version="1.0" encoding="UTF-8"?>
<!-- Generated by org.testng.reporters.JUnitReportReporter -->
<testsuite hostname="shekar-PC" failures="0" tests="1" name="testNg.NewTest" time="0.016" errors="0" timestamp="11 May 2022 11:09:24 GMT" skipped="0">
  <testcase classname="testNg.NewTest" name="f" time="0.016"/>
</testsuite> <!-- testNg.NewTest -->
