<?xml version="1.0" encoding="UTF-8"?>
<!-- Generated by org.testng.reporters.JUnitReportReporter -->
<testsuite hostname="shekar-PC" failures="0" tests="7" name="testNg.ParallelTest" time="0.212" errors="0" timestamp="02 Jul 2022 08:46:31 GMT" skipped="0">
  <testcase classname="testNg.ParallelTest" name="A5" time="0.028"/>
  <testcase classname="testNg.ParallelTest" name="A1" time="0.038"/>
  <testcase classname="testNg.ParallelTest" name="A3" time="0.039"/>
  <testcase classname="testNg.ParallelTest" name="A7" time="0.026"/>
  <testcase classname="testNg.ParallelTest" name="A6" time="0.025"/>
  <testcase classname="testNg.ParallelTest" name="A2" time="0.026"/>
  <testcase classname="testNg.ParallelTest" name="A4" time="0.030"/>
</testsuite> <!-- testNg.ParallelTest -->
