<?xml version="1.0" encoding="UTF-8"?>
<!-- Generated by org.testng.reporters.JUnitReportReporter -->
<testsuite hostname="shekar-PC" failures="0" tests="3" name="testNg.Tng1" time="0.013" errors="0" timestamp="29 Jun 2022 09:15:45 GMT" skipped="1">
  <testcase classname="testNg.Tng1" name="f" time="0.009"/>
  <testcase classname="testNg.Tng1" name="g" time="0.004"/>
  <testcase classname="testNg.Tng1" name="a">
    <skipped/>
  </testcase> <!-- a -->
</testsuite> <!-- testNg.Tng1 -->
