<?xml version="1.0" encoding="UTF-8"?>
<!-- Generated by org.testng.reporters.JUnitReportReporter -->
<testsuite hostname="shekar-PC" failures="0" tests="1" name="suiteG.TestG1" time="2.017" errors="0" timestamp="28 Jun 2022 08:22:07 GMT" skipped="0">
  <testcase classname="suiteG.TestG1" name="f" time="2.017"/>
</testsuite> <!-- suiteG.TestG1 -->
