<?xml version="1.0" encoding="UTF-8"?>
<!-- Generated by org.testng.reporters.JUnitReportReporter -->
<testsuite hostname="shekar-PC" failures="0" tests="4" name="testNg.TestDependency" time="0.018" errors="0" timestamp="16 May 2022 11:33:43 GMT" skipped="2">
  <testcase classname="testNg.TestDependency" name="orange" time="0.013"/>
  <testcase classname="testNg.TestDependency" name="white" time="0.003"/>
  <testcase classname="testNg.TestDependency" name="blue" time="0.002">
    <skipped/>
  </testcase> <!-- blue -->
  <testcase classname="testNg.TestDependency" name="green" time="0.000">
    <skipped/>
  </testcase> <!-- green -->
</testsuite> <!-- testNg.TestDependency -->
