<?xml version="1.0" encoding="UTF-8"?>
<!-- Generated by org.testng.reporters.JUnitReportReporter -->
<testsuite hostname="shekar-PC" failures="0" tests="1" name="testNg.Tng2" time="13.618" errors="0" timestamp="16 May 2022 11:25:48 GMT" skipped="0">
  <testcase classname="testNg.Tng2" name="amazon" time="13.618"/>
</testsuite> <!-- testNg.Tng2 -->
