<?xml version="1.0" encoding="UTF-8"?>
<!-- Generated by org.testng.reporters.JUnitReportReporter -->
<testsuite hostname="shekar-PC" failures="0" tests="1" name="testNg.LinksTesting1" time="9.149" errors="0" timestamp="16 May 2022 11:24:43 GMT" skipped="0">
  <testcase classname="testNg.LinksTesting1" name="linktesting1" time="9.149"/>
</testsuite> <!-- testNg.LinksTesting1 -->
