<?xml version="1.0" encoding="UTF-8"?>
<!-- Generated by org.testng.reporters.JUnitReportReporter -->
<testsuite hostname="shekar-PC" failures="0" tests="1" name="suiteC.TestC2" time="2.004" errors="0" timestamp="28 Jun 2022 08:22:07 GMT" skipped="0">
  <testcase classname="suiteC.TestC2" name="testC1" time="2.004"/>
</testsuite> <!-- suiteC.TestC2 -->
