<?xml version="1.0" encoding="UTF-8"?>
<!-- Generated by org.testng.reporters.JUnitReportReporter -->
<testsuite hostname="shekar-PC" failures="0" tests="1" name="testNg.CheckBox1" time="7.785" errors="0" timestamp="16 May 2022 11:25:18 GMT" skipped="0">
  <testcase classname="testNg.CheckBox1" name="checkboxTest" time="7.785"/>
</testsuite> <!-- testNg.CheckBox1 -->
