<?xml version="1.0" encoding="UTF-8"?>
<!-- Generated by org.testng.reporters.JUnitReportReporter -->
<testsuite hostname="shekar-PC" failures="0" tests="1" name="pom.POM_01" time="35.887" errors="0" timestamp="20 Jun 2022 09:14:44 GMT" skipped="0">
  <testcase classname="pom.POM_01" name="f" time="35.887"/>
</testsuite> <!-- pom.POM_01 -->
